2020-07-24 01:15:52,887 [1] ERROR errLog [(null)] - staart
2020-07-24 01:24:21,464 [1] ERROR errLog [(null)] - staart
2020-07-24 01:24:25,734 [1] ERROR errLog [(null)] - FetchDataService start
2020-07-24 01:24:47,086 [7] ERROR errLog [(null)] - 会话连接建立2020/7/24 1:24:46 +08:00
2020-07-24 01:29:36,139 [1] ERROR errLog [(null)] - staart
2020-07-24 01:29:39,996 [1] ERROR errLog [(null)] - FetchDataService start
2020-07-24 01:30:29,431 [1] ERROR errLog [(null)] - staart
2020-07-24 01:30:33,093 [1] ERROR errLog [(null)] - FetchDataService start
2020-07-24 01:30:33,369 [1] ERROR errLog [(null)] - Consume Scoped Service Hosted Service running
2020-07-24 01:31:35,336 [8] ERROR errLog [(null)] - 会话连接建立2020/7/24 1:31:35 +08:00
2020-07-24 01:31:37,925 [7] ERROR errLog [(null)] - 会话连接断开2020/7/24 1:31:35 +08:00
2020-07-24 01:39:13,794 [1] ERROR errLog [(null)] - staart
2020-07-24 01:39:17,284 [1] ERROR errLog [(null)] - FetchDataService start
2020-07-24 01:39:42,066 [1] ERROR errLog [(null)] - Consume Scoped Service Hosted Service running
2020-07-24 01:39:42,384 [1] ERROR errLog [(null)] - Consume Scoped Service Hosted Service is working
2020-07-24 01:48:06,836 [1] ERROR errLog [(null)] - staart
2020-07-24 01:48:11,008 [1] ERROR errLog [(null)] - FetchDataService start
2020-07-24 01:48:11,055 [1] ERROR errLog [(null)] - Consume Scoped Service Hosted Service running
2020-07-24 01:48:11,471 [4] ERROR errLog [(null)] - Consume Scoped Service Hosted Service is working
2020-07-24 01:48:12,501 [4] ERROR errLog [(null)] - Consume Scoped Service Hosted Service is working
2020-07-24 01:48:13,231 [4] ERROR errLog [(null)] - Consume Scoped Service Hosted Service is working
2020-07-24 01:48:13,454 [4] ERROR errLog [(null)] - Consume Scoped Service Hosted Service is working
2020-07-24 01:48:13,794 [4] ERROR errLog [(null)] - Consume Scoped Service Hosted Service is working
2020-07-24 01:48:14,063 [4] ERROR errLog [(null)] - Consume Scoped Service Hosted Service is working
2020-07-24 01:48:14,364 [4] ERROR errLog [(null)] - Consume Scoped Service Hosted Service is working
2020-07-24 01:48:14,865 [4] ERROR errLog [(null)] - Consume Scoped Service Hosted Service is working
2020-07-24 01:48:15,122 [4] ERROR errLog [(null)] - Consume Scoped Service Hosted Service is working
2020-07-24 01:48:15,609 [4] ERROR errLog [(null)] - Consume Scoped Service Hosted Service is working
2020-07-24 01:48:16,266 [4] ERROR errLog [(null)] - Consume Scoped Service Hosted Service is working
2020-07-24 01:48:16,540 [4] ERROR errLog [(null)] - Consume Scoped Service Hosted Service is working
2020-07-24 01:48:17,058 [4] ERROR errLog [(null)] - Consume Scoped Service Hosted Service is working
2020-07-24 01:48:17,397 [4] ERROR errLog [(null)] - Consume Scoped Service Hosted Service is working
2020-07-24 01:48:17,851 [22] ERROR errLog [(null)] - 会话连接建立2020/7/24 1:48:17 +08:00
2020-07-24 01:48:17,867 [4] ERROR errLog [(null)] - Consume Scoped Service Hosted Service is working
2020-07-24 01:48:18,191 [4] ERROR errLog [(null)] - Consume Scoped Service Hosted Service is working
2020-07-24 01:48:18,498 [4] ERROR errLog [(null)] - Consume Scoped Service Hosted Service is working
2020-07-24 01:48:19,162 [4] ERROR errLog [(null)] - Consume Scoped Service Hosted Service is working
2020-07-24 01:48:19,824 [4] ERROR errLog [(null)] - Consume Scoped Service Hosted Service is working
2020-07-24 01:48:20,191 [4] ERROR errLog [(null)] - Consume Scoped Service Hosted Service is working
2020-07-24 01:48:20,417 [4] ERROR errLog [(null)] - Consume Scoped Service Hosted Service is working
2020-07-24 01:48:20,812 [4] ERROR errLog [(null)] - Consume Scoped Service Hosted Service is working
2020-07-24 01:48:21,025 [4] ERROR errLog [(null)] - Consume Scoped Service Hosted Service is working
2020-07-24 01:48:21,369 [4] ERROR errLog [(null)] - Consume Scoped Service Hosted Service is working
2020-07-24 01:48:21,596 [4] ERROR errLog [(null)] - Consume Scoped Service Hosted Service is working
2020-07-24 01:48:21,872 [4] ERROR errLog [(null)] - Consume Scoped Service Hosted Service is working
2020-07-24 01:48:22,308 [4] ERROR errLog [(null)] - Consume Scoped Service Hosted Service is working
2020-07-24 01:48:22,728 [4] ERROR errLog [(null)] - Consume Scoped Service Hosted Service is working
2020-07-24 01:48:22,963 [4] ERROR errLog [(null)] - Consume Scoped Service Hosted Service is working
2020-07-24 01:48:23,167 [4] ERROR errLog [(null)] - Consume Scoped Service Hosted Service is working
2020-07-24 01:48:23,701 [4] ERROR errLog [(null)] - Consume Scoped Service Hosted Service is working
2020-07-24 01:48:24,163 [4] ERROR errLog [(null)] - Consume Scoped Service Hosted Service is working
2020-07-24 01:48:24,518 [4] ERROR errLog [(null)] - Consume Scoped Service Hosted Service is working
2020-07-24 01:48:24,971 [4] ERROR errLog [(null)] - Consume Scoped Service Hosted Service is working
2020-07-24 01:48:25,164 [9] ERROR errLog [(null)] - UsePackageHandler{"Key":"999","Body":null,"Parameters":null}
2020-07-24 01:48:25,164 [9] ERROR errLog [(null)] - MESSAGE"999"
2020-07-24 01:48:25,309 [4] ERROR errLog [(null)] - Consume Scoped Service Hosted Service is working
2020-07-24 01:48:25,561 [4] ERROR errLog [(null)] - Consume Scoped Service Hosted Service is working
2020-07-24 01:48:25,798 [4] ERROR errLog [(null)] - Consume Scoped Service Hosted Service is working
2020-07-24 01:48:26,023 [4] ERROR errLog [(null)] - Consume Scoped Service Hosted Service is working
2020-07-24 01:48:26,227 [4] ERROR errLog [(null)] - Consume Scoped Service Hosted Service is working
2020-07-24 01:48:26,454 [4] ERROR errLog [(null)] - Consume Scoped Service Hosted Service is working
2020-07-24 01:48:26,829 [4] ERROR errLog [(null)] - Consume Scoped Service Hosted Service is working
2020-07-24 01:48:27,109 [4] ERROR errLog [(null)] - Consume Scoped Service Hosted Service is working
2020-07-24 01:48:27,394 [4] ERROR errLog [(null)] - Consume Scoped Service Hosted Service is working
2020-07-24 01:48:27,699 [4] ERROR errLog [(null)] - Consume Scoped Service Hosted Service is working
2020-07-24 01:48:28,025 [4] ERROR errLog [(null)] - Consume Scoped Service Hosted Service is working
2020-07-24 01:48:28,276 [4] ERROR errLog [(null)] - Consume Scoped Service Hosted Service is working
2020-07-24 01:48:28,561 [4] ERROR errLog [(null)] - Consume Scoped Service Hosted Service is working
2020-07-24 01:48:29,025 [4] ERROR errLog [(null)] - Consume Scoped Service Hosted Service is working
2020-07-24 01:48:29,337 [4] ERROR errLog [(null)] - Consume Scoped Service Hosted Service is working
2020-07-24 01:48:29,890 [4] ERROR errLog [(null)] - Consume Scoped Service Hosted Service is working
2020-07-24 01:48:30,646 [4] ERROR errLog [(null)] - Consume Scoped Service Hosted Service is working
2020-07-24 01:48:31,004 [4] ERROR errLog [(null)] - Consume Scoped Service Hosted Service is working
2020-07-24 01:48:31,326 [4] ERROR errLog [(null)] - Consume Scoped Service Hosted Service is working
2020-07-24 01:48:31,731 [4] ERROR errLog [(null)] - Consume Scoped Service Hosted Service is working
2020-07-24 01:48:32,858 [4] ERROR errLog [(null)] - Consume Scoped Service Hosted Service is working
2020-07-24 01:48:34,002 [4] ERROR errLog [(null)] - Consume Scoped Service Hosted Service is working
2020-07-24 01:48:34,602 [4] ERROR errLog [(null)] - Consume Scoped Service Hosted Service is working
2020-07-24 01:48:34,892 [4] ERROR errLog [(null)] - Consume Scoped Service Hosted Service is working
2020-07-24 01:48:35,382 [4] ERROR errLog [(null)] - Consume Scoped Service Hosted Service is working
2020-07-24 01:48:35,903 [4] ERROR errLog [(null)] - Consume Scoped Service Hosted Service is working
2020-07-24 01:48:36,463 [4] ERROR errLog [(null)] - Consume Scoped Service Hosted Service is working
2020-07-24 01:48:36,837 [4] ERROR errLog [(null)] - Consume Scoped Service Hosted Service is working
2020-07-24 01:48:37,055 [4] ERROR errLog [(null)] - Consume Scoped Service Hosted Service is working
2020-07-24 01:48:37,268 [4] ERROR errLog [(null)] - Consume Scoped Service Hosted Service is working
2020-07-24 01:48:37,490 [4] ERROR errLog [(null)] - Consume Scoped Service Hosted Service is working
2020-07-24 01:48:37,728 [4] ERROR errLog [(null)] - Consume Scoped Service Hosted Service is working
2020-07-24 01:48:38,191 [4] ERROR errLog [(null)] - Consume Scoped Service Hosted Service is working
2020-07-24 01:48:38,466 [4] ERROR errLog [(null)] - Consume Scoped Service Hosted Service is working
2020-07-24 01:48:38,828 [4] ERROR errLog [(null)] - Consume Scoped Service Hosted Service is working
2020-07-24 01:48:39,271 [4] ERROR errLog [(null)] - Consume Scoped Service Hosted Service is working
2020-07-24 01:48:39,608 [4] ERROR errLog [(null)] - Consume Scoped Service Hosted Service is working
2020-07-24 01:48:40,169 [4] ERROR errLog [(null)] - Consume Scoped Service Hosted Service is working
2020-07-24 01:48:40,434 [4] ERROR errLog [(null)] - Consume Scoped Service Hosted Service is working
2020-07-24 01:48:40,839 [4] ERROR errLog [(null)] - Consume Scoped Service Hosted Service is working
2020-07-24 01:48:41,102 [4] ERROR errLog [(null)] - Consume Scoped Service Hosted Service is working
2020-07-24 01:48:41,460 [4] ERROR errLog [(null)] - Consume Scoped Service Hosted Service is working
2020-07-24 01:48:41,774 [4] ERROR errLog [(null)] - Consume Scoped Service Hosted Service is working
2020-07-24 01:48:42,232 [4] ERROR errLog [(null)] - Consume Scoped Service Hosted Service is working
2020-07-24 01:48:43,030 [4] ERROR errLog [(null)] - Consume Scoped Service Hosted Service is working
2020-07-24 01:48:43,294 [4] ERROR errLog [(null)] - Consume Scoped Service Hosted Service is working
2020-07-24 01:48:43,542 [4] ERROR errLog [(null)] - Consume Scoped Service Hosted Service is working
2020-07-24 01:48:43,899 [4] ERROR errLog [(null)] - Consume Scoped Service Hosted Service is working
2020-07-24 01:48:44,619 [4] ERROR errLog [(null)] - Consume Scoped Service Hosted Service is working
2020-07-24 01:48:45,164 [4] ERROR errLog [(null)] - Consume Scoped Service Hosted Service is working
2020-07-24 01:48:45,506 [4] ERROR errLog [(null)] - Consume Scoped Service Hosted Service is working
2020-07-24 01:48:45,842 [4] ERROR errLog [(null)] - Consume Scoped Service Hosted Service is working
2020-07-24 01:48:46,304 [4] ERROR errLog [(null)] - Consume Scoped Service Hosted Service is working
2020-07-24 01:48:46,605 [4] ERROR errLog [(null)] - Consume Scoped Service Hosted Service is working
2020-07-24 01:48:47,073 [4] ERROR errLog [(null)] - Consume Scoped Service Hosted Service is working
2020-07-24 01:48:47,471 [4] ERROR errLog [(null)] - Consume Scoped Service Hosted Service is working
2020-07-24 01:48:47,771 [4] ERROR errLog [(null)] - Consume Scoped Service Hosted Service is working
2020-07-24 01:48:48,091 [4] ERROR errLog [(null)] - Consume Scoped Service Hosted Service is working
2020-07-24 01:48:48,684 [4] ERROR errLog [(null)] - Consume Scoped Service Hosted Service is working
2020-07-24 01:48:49,421 [4] ERROR errLog [(null)] - Consume Scoped Service Hosted Service is working
2020-07-24 01:48:49,687 [4] ERROR errLog [(null)] - Consume Scoped Service Hosted Service is working
2020-07-24 01:48:49,930 [4] ERROR errLog [(null)] - Consume Scoped Service Hosted Service is working
2020-07-24 01:48:50,161 [4] ERROR errLog [(null)] - Consume Scoped Service Hosted Service is working
2020-07-24 01:48:50,426 [4] ERROR errLog [(null)] - Consume Scoped Service Hosted Service is working
2020-07-24 01:48:50,712 [4] ERROR errLog [(null)] - Consume Scoped Service Hosted Service is working
2020-07-24 01:48:51,027 [4] ERROR errLog [(null)] - Consume Scoped Service Hosted Service is working
2020-07-24 01:48:51,299 [4] ERROR errLog [(null)] - Consume Scoped Service Hosted Service is working
2020-07-24 01:48:51,578 [4] ERROR errLog [(null)] - Consume Scoped Service Hosted Service is working
2020-07-24 01:48:51,971 [4] ERROR errLog [(null)] - Consume Scoped Service Hosted Service is working
2020-07-24 01:48:52,242 [4] ERROR errLog [(null)] - Consume Scoped Service Hosted Service is working
2020-07-24 01:48:52,809 [4] ERROR errLog [(null)] - Consume Scoped Service Hosted Service is working
2020-07-24 01:48:53,068 [4] ERROR errLog [(null)] - Consume Scoped Service Hosted Service is working
2020-07-24 01:48:53,340 [4] ERROR errLog [(null)] - Consume Scoped Service Hosted Service is working
2020-07-24 01:48:54,072 [4] ERROR errLog [(null)] - Consume Scoped Service Hosted Service is working
2020-07-24 01:48:54,523 [4] ERROR errLog [(null)] - Consume Scoped Service Hosted Service is working
2020-07-24 01:48:55,060 [4] ERROR errLog [(null)] - Consume Scoped Service Hosted Service is working
2020-07-24 01:48:55,338 [4] ERROR errLog [(null)] - Consume Scoped Service Hosted Service is working
2020-07-24 01:48:55,729 [4] ERROR errLog [(null)] - Consume Scoped Service Hosted Service is working
2020-07-24 01:48:56,010 [4] ERROR errLog [(null)] - Consume Scoped Service Hosted Service is working
2020-07-24 01:48:56,305 [4] ERROR errLog [(null)] - Consume Scoped Service Hosted Service is working
2020-07-24 01:48:57,835 [4] ERROR errLog [(null)] - Consume Scoped Service Hosted Service is working
2020-07-24 01:48:59,224 [4] ERROR errLog [(null)] - Consume Scoped Service Hosted Service is working
2020-07-24 01:48:59,743 [4] ERROR errLog [(null)] - Consume Scoped Service Hosted Service is working
2020-07-24 01:49:00,157 [4] ERROR errLog [(null)] - Consume Scoped Service Hosted Service is working
2020-07-24 01:49:02,320 [4] ERROR errLog [(null)] - Consume Scoped Service Hosted Service is working
2020-07-24 01:49:03,167 [4] ERROR errLog [(null)] - Consume Scoped Service Hosted Service is working
2020-07-24 01:49:03,806 [4] ERROR errLog [(null)] - Consume Scoped Service Hosted Service is working
2020-07-24 01:49:05,217 [4] ERROR errLog [(null)] - Consume Scoped Service Hosted Service is working
2020-07-24 01:49:06,976 [9] ERROR errLog [(null)] - UsePackageHandler{"Key":"12345","Body":null,"Parameters":null}
2020-07-24 01:49:06,977 [9] ERROR errLog [(null)] - MESSAGE"12345"
2020-07-24 01:49:07,500 [4] ERROR errLog [(null)] - Consume Scoped Service Hosted Service is working
2020-07-24 01:49:07,896 [4] ERROR errLog [(null)] - Consume Scoped Service Hosted Service is working
2020-07-24 01:49:08,235 [4] ERROR errLog [(null)] - Consume Scoped Service Hosted Service is working
2020-07-24 01:49:08,528 [4] ERROR errLog [(null)] - Consume Scoped Service Hosted Service is working
2020-07-24 01:49:09,477 [4] ERROR errLog [(null)] - Consume Scoped Service Hosted Service is working
2020-07-24 01:49:11,878 [4] ERROR errLog [(null)] - Consume Scoped Service Hosted Service is working
2020-07-24 01:49:12,192 [4] ERROR errLog [(null)] - Consume Scoped Service Hosted Service is working
2020-07-24 01:49:12,927 [4] ERROR errLog [(null)] - Consume Scoped Service Hosted Service is working
2020-07-24 01:49:13,318 [4] ERROR errLog [(null)] - Consume Scoped Service Hosted Service is working
2020-07-24 01:49:13,760 [4] ERROR errLog [(null)] - Consume Scoped Service Hosted Service is working
2020-07-24 01:49:14,027 [4] ERROR errLog [(null)] - Consume Scoped Service Hosted Service is working
2020-07-24 01:49:14,484 [4] ERROR errLog [(null)] - Consume Scoped Service Hosted Service is working
2020-07-24 01:49:14,802 [4] ERROR errLog [(null)] - Consume Scoped Service Hosted Service is working
2020-07-24 01:49:15,140 [4] ERROR errLog [(null)] - Consume Scoped Service Hosted Service is working
2020-07-24 01:49:15,494 [4] ERROR errLog [(null)] - Consume Scoped Service Hosted Service is working
2020-07-24 01:49:16,703 [4] ERROR errLog [(null)] - Consume Scoped Service Hosted Service is working
2020-07-24 01:49:17,168 [4] ERROR errLog [(null)] - Consume Scoped Service Hosted Service is working
2020-07-24 01:49:17,488 [4] ERROR errLog [(null)] - Consume Scoped Service Hosted Service is working
2020-07-24 01:49:17,855 [4] ERROR errLog [(null)] - Consume Scoped Service Hosted Service is working
2020-07-24 01:49:18,167 [4] ERROR errLog [(null)] - Consume Scoped Service Hosted Service is working
2020-07-24 01:49:18,562 [4] ERROR errLog [(null)] - Consume Scoped Service Hosted Service is working
2020-07-24 01:49:18,916 [4] ERROR errLog [(null)] - Consume Scoped Service Hosted Service is working
2020-07-24 01:49:19,214 [4] ERROR errLog [(null)] - Consume Scoped Service Hosted Service is working
2020-07-24 01:49:19,694 [4] ERROR errLog [(null)] - Consume Scoped Service Hosted Service is working
2020-07-24 01:49:19,968 [4] ERROR errLog [(null)] - Consume Scoped Service Hosted Service is working
2020-07-24 01:49:20,311 [4] ERROR errLog [(null)] - Consume Scoped Service Hosted Service is working
2020-07-24 01:49:20,693 [4] ERROR errLog [(null)] - Consume Scoped Service Hosted Service is working
2020-07-24 01:49:21,111 [4] ERROR errLog [(null)] - Consume Scoped Service Hosted Service is working
2020-07-24 01:49:21,434 [4] ERROR errLog [(null)] - Consume Scoped Service Hosted Service is working
2020-07-24 01:49:21,873 [4] ERROR errLog [(null)] - Consume Scoped Service Hosted Service is working
2020-07-24 01:49:22,242 [4] ERROR errLog [(null)] - Consume Scoped Service Hosted Service is working
2020-07-24 01:49:22,598 [4] ERROR errLog [(null)] - Consume Scoped Service Hosted Service is working
2020-07-24 01:49:23,002 [4] ERROR errLog [(null)] - Consume Scoped Service Hosted Service is working
2020-07-24 01:49:23,290 [4] ERROR errLog [(null)] - Consume Scoped Service Hosted Service is working
2020-07-24 01:49:23,681 [4] ERROR errLog [(null)] - Consume Scoped Service Hosted Service is working
2020-07-24 01:49:24,105 [4] ERROR errLog [(null)] - Consume Scoped Service Hosted Service is working
2020-07-24 01:49:24,416 [4] ERROR errLog [(null)] - Consume Scoped Service Hosted Service is working
2020-07-24 01:49:25,211 [4] ERROR errLog [(null)] - Consume Scoped Service Hosted Service is working
2020-07-24 01:49:25,649 [4] ERROR errLog [(null)] - Consume Scoped Service Hosted Service is working
2020-07-24 01:49:26,007 [4] ERROR errLog [(null)] - Consume Scoped Service Hosted Service is working
2020-07-24 01:49:26,639 [9] ERROR errLog [(null)] - UsePackageHandler{"Key":"314","Body":null,"Parameters":null}
2020-07-24 01:49:26,639 [9] ERROR errLog [(null)] - MESSAGE"314"
2020-07-24 01:49:26,799 [4] ERROR errLog [(null)] - Consume Scoped Service Hosted Service is working
2020-07-24 01:49:27,204 [4] ERROR errLog [(null)] - Consume Scoped Service Hosted Service is working
2020-07-24 01:49:27,801 [4] ERROR errLog [(null)] - Consume Scoped Service Hosted Service is working
2020-07-24 01:49:28,227 [4] ERROR errLog [(null)] - Consume Scoped Service Hosted Service is working
2020-07-24 01:49:28,555 [4] ERROR errLog [(null)] - Consume Scoped Service Hosted Service is working
2020-07-24 01:49:29,427 [4] ERROR errLog [(null)] - Consume Scoped Service Hosted Service is working
2020-07-24 01:49:29,926 [4] ERROR errLog [(null)] - Consume Scoped Service Hosted Service is working
2020-07-24 01:49:30,300 [4] ERROR errLog [(null)] - Consume Scoped Service Hosted Service is working
2020-07-24 01:49:30,759 [4] ERROR errLog [(null)] - Consume Scoped Service Hosted Service is working
2020-07-24 01:49:31,119 [4] ERROR errLog [(null)] - Consume Scoped Service Hosted Service is working
2020-07-24 01:49:31,399 [4] ERROR errLog [(null)] - Consume Scoped Service Hosted Service is working
2020-07-24 01:49:31,873 [4] ERROR errLog [(null)] - Consume Scoped Service Hosted Service is working
2020-07-24 01:49:32,281 [4] ERROR errLog [(null)] - Consume Scoped Service Hosted Service is working
2020-07-24 01:49:32,804 [4] ERROR errLog [(null)] - Consume Scoped Service Hosted Service is working
2020-07-24 01:49:33,155 [4] ERROR errLog [(null)] - Consume Scoped Service Hosted Service is working
2020-07-24 01:49:33,444 [4] ERROR errLog [(null)] - Consume Scoped Service Hosted Service is working
2020-07-24 01:49:34,331 [4] ERROR errLog [(null)] - Consume Scoped Service Hosted Service is working
2020-07-24 01:49:34,701 [4] ERROR errLog [(null)] - Consume Scoped Service Hosted Service is working
2020-07-24 01:49:35,043 [4] ERROR errLog [(null)] - Consume Scoped Service Hosted Service is working
2020-07-24 01:49:35,440 [4] ERROR errLog [(null)] - Consume Scoped Service Hosted Service is working
2020-07-24 01:49:35,934 [4] ERROR errLog [(null)] - Consume Scoped Service Hosted Service is working
2020-07-24 01:49:36,276 [4] ERROR errLog [(null)] - Consume Scoped Service Hosted Service is working
2020-07-24 01:49:36,567 [4] ERROR errLog [(null)] - Consume Scoped Service Hosted Service is working
2020-07-24 01:49:37,028 [4] ERROR errLog [(null)] - Consume Scoped Service Hosted Service is working
2020-07-24 01:49:37,438 [4] ERROR errLog [(null)] - Consume Scoped Service Hosted Service is working
2020-07-24 01:49:37,836 [4] ERROR errLog [(null)] - Consume Scoped Service Hosted Service is working
2020-07-24 01:49:38,923 [4] ERROR errLog [(null)] - Consume Scoped Service Hosted Service is working
2020-07-24 01:49:40,099 [4] ERROR errLog [(null)] - Consume Scoped Service Hosted Service is working
2020-07-24 01:49:41,144 [4] ERROR errLog [(null)] - Consume Scoped Service Hosted Service is working
2020-07-24 01:49:43,261 [4] ERROR errLog [(null)] - Consume Scoped Service Hosted Service is working
2020-07-24 01:49:44,011 [4] ERROR errLog [(null)] - Consume Scoped Service Hosted Service is working
2020-07-24 01:49:44,598 [4] ERROR errLog [(null)] - Consume Scoped Service Hosted Service is working
