2020-07-23 13:26:52,470 [1] ERROR errLog [(null)] - staart
2020-07-23 13:30:11,668 [8] ERROR errLog [(null)] - 会话连接建立2020/7/23 13:30:11 +08:00
2020-07-23 13:30:15,057 [17] ERROR errLog [(null)] - UsePackageHandler{"Key":"999","Body":null,"Parameters":null}
2020-07-23 13:30:20,180 [17] ERROR errLog [(null)] - MESSAGE"999"
2020-07-23 13:32:05,456 [1] ERROR errLog [(null)] - staart
2020-07-23 13:35:54,187 [6] ERROR errLog [(null)] - 会话连接建立2020/7/23 13:35:51 +08:00
2020-07-23 13:36:04,392 [15] ERROR errLog [(null)] - UsePackageHandler{"Key":"1233","Body":null,"Parameters":null}
2020-07-23 13:36:07,112 [15] ERROR errLog [(null)] - MESSAGE"1233"
2020-07-23 13:36:17,840 [15] ERROR errLog [(null)] - 会话连接断开2020/7/23 13:35:51 +08:00
2020-07-23 13:37:08,037 [13] ERROR errLog [(null)] - 会话连接建立2020/7/23 13:37:08 +08:00
2020-07-23 13:37:08,710 [18] ERROR errLog [(null)] - 会话连接断开2020/7/23 13:37:08 +08:00
2020-07-23 13:37:20,506 [13] ERROR errLog [(null)] - 会话连接建立2020/7/23 13:37:20 +08:00
2020-07-23 13:37:22,447 [18] ERROR errLog [(null)] - 会话连接断开2020/7/23 13:37:20 +08:00
2020-07-23 13:37:23,155 [13] ERROR errLog [(null)] - 会话连接建立2020/7/23 13:37:23 +08:00
2020-07-23 13:37:29,601 [17] ERROR errLog [(null)] - 会话连接断开2020/7/23 13:37:23 +08:00
2020-07-23 13:37:38,729 [13] ERROR errLog [(null)] - 会话连接建立2020/7/23 13:37:38 +08:00
2020-07-23 13:37:39,863 [20] ERROR errLog [(null)] - 会话连接断开2020/7/23 13:37:38 +08:00
2020-07-23 13:38:44,111 [14] ERROR errLog [(null)] - 会话连接建立2020/7/23 13:38:44 +08:00
2020-07-23 13:38:49,778 [25] ERROR errLog [(null)] - 会话连接断开2020/7/23 13:38:44 +08:00
2020-07-23 13:52:01,262 [1] ERROR errLog [(null)] - staart
2020-07-23 13:59:00,787 [1] ERROR errLog [(null)] - staart
2020-07-23 14:18:10,395 [1] ERROR errLog [(null)] - staart
2020-07-23 14:19:32,611 [1] ERROR errLog [(null)] - staart
2020-07-23 14:19:35,852 [1] ERROR errLog [(null)] - FetchDataService start
2020-07-23 14:20:27,634 [4] ERROR errLog [(null)] - 会话连接建立2020/7/23 14:20:27 +08:00
2020-07-23 14:20:33,138 [7] ERROR errLog [(null)] - UsePackageHandler{"Key":"78","Body":null,"Parameters":null}
2020-07-23 14:20:33,139 [7] ERROR errLog [(null)] - MESSAGE"78"
2020-07-23 14:20:58,680 [11] ERROR errLog [(null)] - UsePackageHandler{"Key":"44","Body":null,"Parameters":null}
2020-07-23 14:20:58,715 [11] ERROR errLog [(null)] - MESSAGE"44"
2020-07-23 14:25:20,532 [1] ERROR errLog [(null)] - staart
2020-07-23 14:25:24,027 [1] ERROR errLog [(null)] - FetchDataService start
2020-07-23 14:26:05,867 [1] ERROR errLog [(null)] - staart
2020-07-23 14:28:45,109 [1] ERROR errLog [(null)] - staart
2020-07-23 14:33:31,840 [1] ERROR errLog [(null)] - staart
2020-07-23 14:34:25,640 [1] ERROR errLog [(null)] - staart
2020-07-23 14:35:11,174 [1] ERROR errLog [(null)] - staart
2020-07-23 14:35:14,521 [1] ERROR errLog [(null)] - FetchDataService start
2020-07-23 14:44:53,609 [1] ERROR errLog [(null)] - staart
2020-07-23 14:44:56,840 [1] ERROR errLog [(null)] - FetchDataService start
2020-07-23 14:49:33,346 [1] ERROR errLog [(null)] - staart
2020-07-23 14:52:38,153 [1] ERROR errLog [(null)] - staart
2020-07-23 14:54:06,103 [1] ERROR errLog [(null)] - staart
2020-07-23 14:54:09,430 [1] ERROR errLog [(null)] - FetchDataService start
2020-07-23 14:54:48,050 [6] ERROR errLog [(null)] - 会话连接建立2020/7/23 14:54:47 +08:00
2020-07-23 14:54:59,579 [5] ERROR errLog [(null)] - UsePackageHandler{"Key":"9999","Body":null,"Parameters":null}
2020-07-23 14:54:59,579 [5] ERROR errLog [(null)] - MESSAGE"9999"
2020-07-23 14:57:58,840 [13] ERROR errLog [(null)] - 会话连接断开2020/7/23 14:54:47 +08:00
2020-07-23 14:58:57,265 [1] ERROR errLog [(null)] - staart
2020-07-23 14:59:00,574 [1] ERROR errLog [(null)] - FetchDataService start
2020-07-23 15:02:37,559 [1] ERROR errLog [(null)] - staart
2020-07-23 15:02:41,159 [1] ERROR errLog [(null)] - FetchDataService start
2020-07-23 15:08:31,701 [1] ERROR errLog [(null)] - staart
2020-07-23 15:08:35,039 [1] ERROR errLog [(null)] - FetchDataService start
2020-07-23 15:11:01,210 [1] ERROR errLog [(null)] - staart
